1970-01-01T00:33:44+00:00	farming-assistant-docker.logs	{"log":"{\"t\":{\"$date\":\"2024-01-08T10:59:13.372+00:00\"},\"s\":\"I\",  \"c\":\"CONTROL\",  \"id\":23377,   \"ctx\":\"SignalHandler\",\"msg\":\"Received signal\",\"attr\":{\"signal\":15,\"error\":\"Terminated\"}}\n","stream":"stdout"}
1970-01-01T00:33:44+00:00	farming-assistant-docker.logs	{"log":"{\"t\":{\"$date\":\"2024-01-08T10:59:13.372+00:00\"},\"s\":\"I\",  \"c\":\"CONTROL\",  \"id\":23378,   \"ctx\":\"SignalHandler\",\"msg\":\"Signal was sent by kill(2)\",\"attr\":{\"pid\":0,\"uid\":0}}\n","stream":"stdout"}
1970-01-01T00:33:44+00:00	farming-assistant-docker.logs	{"log":"{\"t\":{\"$date\":\"2024-01-08T10:59:13.372+00:00\"},\"s\":\"I\",  \"c\":\"CONTROL\",  \"id\":23381,   \"ctx\":\"SignalHandler\",\"msg\":\"will terminate after current cmd ends\"}\n","stream":"stdout"}
1970-01-01T00:33:44+00:00	farming-assistant-docker.logs	{"log":"{\"t\":{\"$date\":\"2024-01-08T10:59:13.372+00:00\"},\"s\":\"I\",  \"c\":\"REPL\",     \"id\":4784900, \"ctx\":\"SignalHandler\",\"msg\":\"Stepping down the ReplicationCoordinator for shutdown\",\"attr\":{\"waitTimeMillis\":15000}}\n","stream":"stdout"}
1970-01-01T00:33:44+00:00	farming-assistant-docker.logs	{"log":"{\"t\":{\"$date\":\"2024-01-08T10:59:13.373+00:00\"},\"s\":\"I\",  \"c\":\"REPL\",     \"id\":4794602, \"ctx\":\"SignalHandler\",\"msg\":\"Attempting to enter quiesce mode\"}\n","stream":"stdout"}
1970-01-01T00:33:44+00:00	farming-assistant-docker.logs	{"log":"{\"t\":{\"$date\":\"2024-01-08T10:59:13.373+00:00\"},\"s\":\"I\",  \"c\":\"-\",        \"id\":6371601, \"ctx\":\"SignalHandler\",\"msg\":\"Shutting down the FLE Crud thread pool\"}\n","stream":"stdout"}
1970-01-01T00:33:44+00:00	farming-assistant-docker.logs	{"log":"{\"t\":{\"$date\":\"2024-01-08T10:59:13.373+00:00\"},\"s\":\"I\",  \"c\":\"COMMAND\",  \"id\":4784901, \"ctx\":\"SignalHandler\",\"msg\":\"Shutting down the MirrorMaestro\"}\n","stream":"stdout"}
1970-01-01T00:33:44+00:00	farming-assistant-docker.logs	{"log":"{\"t\":{\"$date\":\"2024-01-08T10:59:13.373+00:00\"},\"s\":\"I\",  \"c\":\"SHARDING\", \"id\":4784902, \"ctx\":\"SignalHandler\",\"msg\":\"Shutting down the WaitForMajorityService\"}\n","stream":"stdout"}
1970-01-01T00:33:44+00:00	farming-assistant-docker.logs	{"log":"{\"t\":{\"$date\":\"2024-01-08T10:59:13.374+00:00\"},\"s\":\"I\",  \"c\":\"CONTROL\",  \"id\":4784903, \"ctx\":\"SignalHandler\",\"msg\":\"Shutting down the LogicalSessionCache\"}\n","stream":"stdout"}
1970-01-01T00:33:44+00:00	farming-assistant-docker.logs	{"log":"{\"t\":{\"$date\":\"2024-01-08T10:59:13.375+00:00\"},\"s\":\"I\",  \"c\":\"NETWORK\",  \"id\":20562,   \"ctx\":\"SignalHandler\",\"msg\":\"Shutdown: going to close listening sockets\"}\n","stream":"stdout"}
1970-01-01T00:33:44+00:00	farming-assistant-docker.logs	{"log":"{\"t\":{\"$date\":\"2024-01-08T10:59:13.376+00:00\"},\"s\":\"I\",  \"c\":\"NETWORK\",  \"id\":23017,   \"ctx\":\"listener\",\"msg\":\"removing socket file\",\"attr\":{\"path\":\"/tmp/mongodb-27017.sock\"}}\n","stream":"stdout"}
1970-01-01T00:33:44+00:00	farming-assistant-docker.logs	{"log":"{\"t\":{\"$date\":\"2024-01-08T10:59:13.376+00:00\"},\"s\":\"I\",  \"c\":\"NETWORK\",  \"id\":4784905, \"ctx\":\"SignalHandler\",\"msg\":\"Shutting down the global connection pool\"}\n","stream":"stdout"}
1970-01-01T00:33:44+00:00	farming-assistant-docker.logs	{"log":"{\"t\":{\"$date\":\"2024-01-08T10:59:13.376+00:00\"},\"s\":\"I\",  \"c\":\"CONTROL\",  \"id\":4784906, \"ctx\":\"SignalHandler\",\"msg\":\"Shutting down the FlowControlTicketholder\"}\n","stream":"stdout"}
1970-01-01T00:33:44+00:00	farming-assistant-docker.logs	{"log":"{\"t\":{\"$date\":\"2024-01-08T10:59:13.376+00:00\"},\"s\":\"I\",  \"c\":\"-\",        \"id\":20520,   \"ctx\":\"SignalHandler\",\"msg\":\"Stopping further Flow Control ticket acquisitions.\"}\n","stream":"stdout"}
1970-01-01T00:33:44+00:00	farming-assistant-docker.logs	{"log":"{\"t\":{\"$date\":\"2024-01-08T10:59:13.376+00:00\"},\"s\":\"I\",  \"c\":\"CONTROL\",  \"id\":4784908, \"ctx\":\"SignalHandler\",\"msg\":\"Shutting down the PeriodicThreadToAbortExpiredTransactions\"}\n","stream":"stdout"}
1970-01-01T00:33:44+00:00	farming-assistant-docker.logs	{"log":"{\"t\":{\"$date\":\"2024-01-08T10:59:13.377+00:00\"},\"s\":\"I\",  \"c\":\"REPL\",     \"id\":4784909, \"ctx\":\"SignalHandler\",\"msg\":\"Shutting down the ReplicationCoordinator\"}\n","stream":"stdout"}
1970-01-01T00:33:44+00:00	farming-assistant-docker.logs	{"log":"{\"t\":{\"$date\":\"2024-01-08T10:59:13.377+00:00\"},\"s\":\"I\",  \"c\":\"SHARDING\", \"id\":4784910, \"ctx\":\"SignalHandler\",\"msg\":\"Shutting down the ShardingInitializationMongoD\"}\n","stream":"stdout"}
1970-01-01T00:33:44+00:00	farming-assistant-docker.logs	{"log":"{\"t\":{\"$date\":\"2024-01-08T10:59:13.377+00:00\"},\"s\":\"I\",  \"c\":\"REPL\",     \"id\":4784911, \"ctx\":\"SignalHandler\",\"msg\":\"Enqueuing the ReplicationStateTransitionLock for shutdown\"}\n","stream":"stdout"}
1970-01-01T00:33:44+00:00	farming-assistant-docker.logs	{"log":"{\"t\":{\"$date\":\"2024-01-08T10:59:13.377+00:00\"},\"s\":\"I\",  \"c\":\"-\",        \"id\":4784912, \"ctx\":\"SignalHandler\",\"msg\":\"Killing all operations for shutdown\"}\n","stream":"stdout"}
1970-01-01T00:33:44+00:00	farming-assistant-docker.logs	{"log":"{\"t\":{\"$date\":\"2024-01-08T10:59:13.377+00:00\"},\"s\":\"I\",  \"c\":\"-\",        \"id\":4695300, \"ctx\":\"SignalHandler\",\"msg\":\"Interrupted all currently running operations\",\"attr\":{\"opsKilled\":3}}\n","stream":"stdout"}
1970-01-01T00:33:44+00:00	farming-assistant-docker.logs	{"log":"{\"t\":{\"$date\":\"2024-01-08T10:59:13.377+00:00\"},\"s\":\"I\",  \"c\":\"TENANT_M\", \"id\":5093807, \"ctx\":\"SignalHandler\",\"msg\":\"Shutting down all TenantMigrationAccessBlockers on global shutdown\"}\n","stream":"stdout"}
1970-01-01T00:33:44+00:00	farming-assistant-docker.logs	{"log":"{\"t\":{\"$date\":\"2024-01-08T10:59:13.377+00:00\"},\"s\":\"I\",  \"c\":\"ASIO\",     \"id\":22582,   \"ctx\":\"TenantMigrationBlockerNet\",\"msg\":\"Killing all outstanding egress activity.\"}\n","stream":"stdout"}
1970-01-01T00:33:44+00:00	farming-assistant-docker.logs	{"log":"{\"t\":{\"$date\":\"2024-01-08T10:59:13.377+00:00\"},\"s\":\"I\",  \"c\":\"ASIO\",     \"id\":6529201, \"ctx\":\"SignalHandler\",\"msg\":\"Network interface redundant shutdown\",\"attr\":{\"state\":\"Stopped\"}}\n","stream":"stdout"}
1970-01-01T00:33:44+00:00	farming-assistant-docker.logs	{"log":"{\"t\":{\"$date\":\"2024-01-08T10:59:13.377+00:00\"},\"s\":\"I\",  \"c\":\"ASIO\",     \"id\":22582,   \"ctx\":\"SignalHandler\",\"msg\":\"Killing all outstanding egress activity.\"}\n","stream":"stdout"}
1970-01-01T00:33:44+00:00	farming-assistant-docker.logs	{"log":"{\"t\":{\"$date\":\"2024-01-08T10:59:13.377+00:00\"},\"s\":\"I\",  \"c\":\"COMMAND\",  \"id\":4784913, \"ctx\":\"SignalHandler\",\"msg\":\"Shutting down all open transactions\"}\n","stream":"stdout"}
1970-01-01T00:33:44+00:00	farming-assistant-docker.logs	{"log":"{\"t\":{\"$date\":\"2024-01-08T10:59:13.378+00:00\"},\"s\":\"I\",  \"c\":\"REPL\",     \"id\":4784914, \"ctx\":\"SignalHandler\",\"msg\":\"Acquiring the ReplicationStateTransitionLock for shutdown\"}\n","stream":"stdout"}
1970-01-01T00:33:44+00:00	farming-assistant-docker.logs	{"log":"{\"t\":{\"$date\":\"2024-01-08T10:59:13.378+00:00\"},\"s\":\"I\",  \"c\":\"INDEX\",    \"id\":4784915, \"ctx\":\"SignalHandler\",\"msg\":\"Shutting down the IndexBuildsCoordinator\"}\n","stream":"stdout"}
1970-01-01T00:33:44+00:00	farming-assistant-docker.logs	{"log":"{\"t\":{\"$date\":\"2024-01-08T10:59:13.378+00:00\"},\"s\":\"I\",  \"c\":\"NETWORK\",  \"id\":4784918, \"ctx\":\"SignalHandler\",\"msg\":\"Shutting down the ReplicaSetMonitor\"}\n","stream":"stdout"}
1970-01-01T00:33:44+00:00	farming-assistant-docker.logs	{"log":"{\"t\":{\"$date\":\"2024-01-08T10:59:13.378+00:00\"},\"s\":\"I\",  \"c\":\"SHARDING\", \"id\":4784921, \"ctx\":\"SignalHandler\",\"msg\":\"Shutting down the MigrationUtilExecutor\"}\n","stream":"stdout"}
1970-01-01T00:33:44+00:00	farming-assistant-docker.logs	{"log":"{\"t\":{\"$date\":\"2024-01-08T10:59:13.378+00:00\"},\"s\":\"I\",  \"c\":\"ASIO\",     \"id\":22582,   \"ctx\":\"MigrationUtil-TaskExecutor\",\"msg\":\"Killing all outstanding egress activity.\"}\n","stream":"stdout"}
1970-01-01T00:33:44+00:00	farming-assistant-docker.logs	{"log":"{\"t\":{\"$date\":\"2024-01-08T10:59:13.378+00:00\"},\"s\":\"I\",  \"c\":\"COMMAND\",  \"id\":4784923, \"ctx\":\"SignalHandler\",\"msg\":\"Shutting down the ServiceEntryPoint\"}\n","stream":"stdout"}
1970-01-01T00:33:44+00:00	farming-assistant-docker.logs	{"log":"{\"t\":{\"$date\":\"2024-01-08T10:59:13.378+00:00\"},\"s\":\"I\",  \"c\":\"CONTROL\",  \"id\":4784927, \"ctx\":\"SignalHandler\",\"msg\":\"Shutting down the HealthLog\"}\n","stream":"stdout"}
1970-01-01T00:33:44+00:00	farming-assistant-docker.logs	{"log":"{\"t\":{\"$date\":\"2024-01-08T10:59:13.378+00:00\"},\"s\":\"I\",  \"c\":\"CONTROL\",  \"id\":4784928, \"ctx\":\"SignalHandler\",\"msg\":\"Shutting down the TTL monitor\"}\n","stream":"stdout"}
1970-01-01T00:33:44+00:00	farming-assistant-docker.logs	{"log":"{\"t\":{\"$date\":\"2024-01-08T10:59:13.378+00:00\"},\"s\":\"I\",  \"c\":\"INDEX\",    \"id\":3684100, \"ctx\":\"SignalHandler\",\"msg\":\"Shutting down TTL collection monitor thread\"}\n","stream":"stdout"}
1970-01-01T00:33:44+00:00	farming-assistant-docker.logs	{"log":"{\"t\":{\"$date\":\"2024-01-08T10:59:13.378+00:00\"},\"s\":\"I\",  \"c\":\"INDEX\",    \"id\":3684101, \"ctx\":\"SignalHandler\",\"msg\":\"Finished shutting down TTL collection monitor thread\"}\n","stream":"stdout"}
1970-01-01T00:33:44+00:00	farming-assistant-docker.logs	{"log":"{\"t\":{\"$date\":\"2024-01-08T10:59:13.378+00:00\"},\"s\":\"I\",  \"c\":\"CONTROL\",  \"id\":6278511, \"ctx\":\"SignalHandler\",\"msg\":\"Shutting down the Change Stream Expired Pre-images Remover\"}\n","stream":"stdout"}
1970-01-01T00:33:44+00:00	farming-assistant-docker.logs	{"log":"{\"t\":{\"$date\":\"2024-01-08T10:59:13.378+00:00\"},\"s\":\"I\",  \"c\":\"CONTROL\",  \"id\":4784929, \"ctx\":\"SignalHandler\",\"msg\":\"Acquiring the global lock for shutdown\"}\n","stream":"stdout"}
1970-01-01T00:33:44+00:00	farming-assistant-docker.logs	{"log":"{\"t\":{\"$date\":\"2024-01-08T10:59:13.378+00:00\"},\"s\":\"I\",  \"c\":\"CONTROL\",  \"id\":4784930, \"ctx\":\"SignalHandler\",\"msg\":\"Shutting down the storage engine\"}\n","stream":"stdout"}
1970-01-01T00:33:44+00:00	farming-assistant-docker.logs	{"log":"{\"t\":{\"$date\":\"2024-01-08T10:59:13.378+00:00\"},\"s\":\"I\",  \"c\":\"STORAGE\",  \"id\":22320,   \"ctx\":\"SignalHandler\",\"msg\":\"Shutting down journal flusher thread\"}\n","stream":"stdout"}
1970-01-01T00:33:44+00:00	farming-assistant-docker.logs	{"log":"{\"t\":{\"$date\":\"2024-01-08T10:59:13.378+00:00\"},\"s\":\"I\",  \"c\":\"STORAGE\",  \"id\":22321,   \"ctx\":\"SignalHandler\",\"msg\":\"Finished shutting down journal flusher thread\"}\n","stream":"stdout"}
1970-01-01T00:33:44+00:00	farming-assistant-docker.logs	{"log":"{\"t\":{\"$date\":\"2024-01-08T10:59:13.378+00:00\"},\"s\":\"I\",  \"c\":\"STORAGE\",  \"id\":22322,   \"ctx\":\"SignalHandler\",\"msg\":\"Shutting down checkpoint thread\"}\n","stream":"stdout"}
1970-01-01T00:33:44+00:00	farming-assistant-docker.logs	{"log":"{\"t\":{\"$date\":\"2024-01-08T10:59:13.379+00:00\"},\"s\":\"I\",  \"c\":\"STORAGE\",  \"id\":22323,   \"ctx\":\"SignalHandler\",\"msg\":\"Finished shutting down checkpoint thread\"}\n","stream":"stdout"}
1970-01-01T00:33:44+00:00	farming-assistant-docker.logs	{"log":"{\"t\":{\"$date\":\"2024-01-08T10:59:13.379+00:00\"},\"s\":\"I\",  \"c\":\"STORAGE\",  \"id\":22261,   \"ctx\":\"SignalHandler\",\"msg\":\"Timestamp monitor shutting down\"}\n","stream":"stdout"}
1970-01-01T00:33:44+00:00	farming-assistant-docker.logs	{"log":"{\"t\":{\"$date\":\"2024-01-08T10:59:13.379+00:00\"},\"s\":\"I\",  \"c\":\"STORAGE\",  \"id\":20282,   \"ctx\":\"SignalHandler\",\"msg\":\"Deregistering all the collections\"}\n","stream":"stdout"}
1970-01-01T00:33:44+00:00	farming-assistant-docker.logs	{"log":"{\"t\":{\"$date\":\"2024-01-08T10:59:13.379+00:00\"},\"s\":\"I\",  \"c\":\"STORAGE\",  \"id\":22317,   \"ctx\":\"SignalHandler\",\"msg\":\"WiredTigerKVEngine shutting down\"}\n","stream":"stdout"}
1970-01-01T00:33:44+00:00	farming-assistant-docker.logs	{"log":"{\"t\":{\"$date\":\"2024-01-08T10:59:13.379+00:00\"},\"s\":\"I\",  \"c\":\"STORAGE\",  \"id\":22318,   \"ctx\":\"SignalHandler\",\"msg\":\"Shutting down session sweeper thread\"}\n","stream":"stdout"}
1970-01-01T00:33:44+00:00	farming-assistant-docker.logs	{"log":"{\"t\":{\"$date\":\"2024-01-08T10:59:13.379+00:00\"},\"s\":\"I\",  \"c\":\"STORAGE\",  \"id\":22319,   \"ctx\":\"SignalHandler\",\"msg\":\"Finished shutting down session sweeper thread\"}\n","stream":"stdout"}
1970-01-01T00:33:44+00:00	farming-assistant-docker.logs	{"log":"{\"t\":{\"$date\":\"2024-01-08T10:59:13.379+00:00\"},\"s\":\"I\",  \"c\":\"STORAGE\",  \"id\":4795902, \"ctx\":\"SignalHandler\",\"msg\":\"Closing WiredTiger\",\"attr\":{\"closeConfig\":\"leak_memory=true,use_timestamp=false,\"}}\n","stream":"stdout"}
1970-01-01T00:33:44+00:00	farming-assistant-docker.logs	{"log":"{\"t\":{\"$date\":\"2024-01-08T10:59:13.392+00:00\"},\"s\":\"I\",  \"c\":\"STORAGE\",  \"id\":4795901, \"ctx\":\"SignalHandler\",\"msg\":\"WiredTiger closed\",\"attr\":{\"durationMillis\":13}}\n","stream":"stdout"}
1970-01-01T00:33:44+00:00	farming-assistant-docker.logs	{"log":"{\"t\":{\"$date\":\"2024-01-08T10:59:13.392+00:00\"},\"s\":\"I\",  \"c\":\"STORAGE\",  \"id\":22279,   \"ctx\":\"SignalHandler\",\"msg\":\"shutdown: removing fs lock...\"}\n","stream":"stdout"}
1970-01-01T00:33:44+00:00	farming-assistant-docker.logs	{"log":"{\"t\":{\"$date\":\"2024-01-08T10:59:13.392+00:00\"},\"s\":\"I\",  \"c\":\"-\",        \"id\":4784931, \"ctx\":\"SignalHandler\",\"msg\":\"Dropping the scope cache for shutdown\"}\n","stream":"stdout"}
1970-01-01T00:33:44+00:00	farming-assistant-docker.logs	{"log":"{\"t\":{\"$date\":\"2024-01-08T10:59:13.392+00:00\"},\"s\":\"I\",  \"c\":\"FTDC\",     \"id\":20626,   \"ctx\":\"SignalHandler\",\"msg\":\"Shutting down full-time diagnostic data capture\"}\n","stream":"stdout"}
1970-01-01T00:33:44+00:00	farming-assistant-docker.logs	{"log":"{\"t\":{\"$date\":\"2024-01-08T10:59:13.401+00:00\"},\"s\":\"I\",  \"c\":\"CONTROL\",  \"id\":20565,   \"ctx\":\"SignalHandler\",\"msg\":\"Now exiting\"}\n","stream":"stdout"}
1970-01-01T00:33:44+00:00	farming-assistant-docker.logs	{"log":"{\"t\":{\"$date\":\"2024-01-08T10:59:13.401+00:00\"},\"s\":\"I\",  \"c\":\"CONTROL\",  \"id\":23138,   \"ctx\":\"SignalHandler\",\"msg\":\"Shutting down\",\"attr\":{\"exitCode\":0}}\n","stream":"stdout"}
